0.000000000000000 6338749.999999999068677 6338750.000000000000000
ONLINE_FRONT
0.000000000000000 10764349.999999998137355 -10764350.000000000000000
ONLINE_BACK
0.000000000000000 5670299.999999999068677 5670300.000000000000000
ONLINE_FRONT
0.000000000000000 5140149.999999999068677 5140150.000000000000000
ONLINE_FRONT
0.000000000000000 9196950.000000000000000 -9196950.000000000000000
ONLINE_BACK
0.000000000000000 2673799.999999999534339 -2673800.000000000000000
ONLINE_BACK
0.000000000000000 10395549.999999998137355 -10395550.000000000000000
ONLINE_BACK
0.000000000000000 7813950.000000000000000 7813950.000000000000000
ONLINE_FRONT
0.000000000000000 10026750.000000000000000 -10026750.000000000000000
ONLINE_BACK
0.000000000000000 829800.000000000000000 -829800.000000000000000
ONLINE_BACK
0.000000000000000 1475199.999999999767169 -1475200.000000000000000
ONLINE_BACK
0.000000000000000 9704050.000000000000000 9704050.000000000000000
ONLINE_FRONT
0.000000000000000 4494750.000000000000000 4494750.000000000000000
ONLINE_FRONT
0.000000000000000 7168549.999999999068677 7168550.000000000000000
ONLINE_FRONT
0.000000000000000 2742950.000000000000000 2742950.000000000000000
ONLINE_FRONT
0.000000000000000 8136649.999999999068677 -8136650.000000000000000
ONLINE_BACK
0.000000000000000 5255400.000000000000000 -5255400.000000000000000
ONLINE_BACK
0.000000000000000 3572749.999999999534339 -3572750.000000000000000
ONLINE_BACK
0.000000000000000 5785549.999999999068677 5785550.000000000000000
ONLINE_FRONT
0.000000000000000 2858200.000000000000000 2858200.000000000000000
ONLINE_FRONT
0.000000000000000 8874249.999999998137355 -8874250.000000000000000
ONLINE_BACK
0.000000000000000 6200450.000000000000000 6200450.000000000000000
ONLINE_FRONT
0.000000000000000 714550.000000000000000 714550.000000000000000
ONLINE_FRONT
0.000000000000000 11363650.000000000000000 11363650.000000000000000
ONLINE_FRONT
0.000000000000000 1429100.000000000000000 -1429100.000000000000000
ONLINE_BACK
0.000000000000000 8182749.999999999068677 -8182750.000000000000000
ONLINE_BACK
0.000000000000000 7860049.999999999068677 7860050.000000000000000
ONLINE_FRONT
0.000000000000000 4033749.999999999534339 4033750.000000000000000
ONLINE_FRONT
0.000000000000000 115249.999999999985448 115250.000000000000000
ONLINE_FRONT
0.000000000000000 968099.999999999883585 968100.000000000000000
ONLINE_FRONT
0.000000000000000 8712900.000000000000000 -8712900.000000000000000
ONLINE_BACK
0.000000000000000 11202299.999999998137355 -11202300.000000000000000
ONLINE_BACK
0.000000000000000 5900799.999999999068677 5900800.000000000000000
ONLINE_FRONT
0.000000000000000 9819299.999999998137355 9819300.000000000000000
ONLINE_FRONT
0.000000000000000 6546199.999999999068677 -6546200.000000000000000
ONLINE_BACK
0.000000000000000 7329900.000000000000000 -7329900.000000000000000
ONLINE_BACK
0.000000000000000 8251900.000000000000000 8251900.000000000000000
ONLINE_FRONT
0.000000000000000 9542699.999999998137355 9542700.000000000000000
ONLINE_FRONT
0.000000000000000 6108249.999999999068677 -6108250.000000000000000
ONLINE_BACK
0.000000000000000 1544350.000000000000000 -1544350.000000000000000
ONLINE_BACK
0.000000000000000 5393699.999999999068677 -5393700.000000000000000
ONLINE_BACK
0.000000000000000 161349.999999999970896 -161350.000000000000000
ONLINE_BACK
0.000000000000000 1751799.999999999767169 1751800.000000000000000
ONLINE_FRONT
0.000000000000000 8067499.999999999068677 8067500.000000000000000
ONLINE_FRONT
0.000000000000000 11179249.999999998137355 11179250.000000000000000
ONLINE_FRONT
0.000000000000000 7883099.999999999068677 -7883100.000000000000000
ONLINE_BACK
0.000000000000000 6292649.999999999068677 6292650.000000000000000
ONLINE_FRONT
0.000000000000000 2581599.999999999534339 -2581600.000000000000000
ONLINE_BACK
0.000000000000000 7790900.000000000000000 7790900.000000000000000
ONLINE_FRONT
0.000000000000000 10810449.999999998137355 10810450.000000000000000
ONLINE_FRONT
0.000000000000000 4656099.999999999068677 4656100.000000000000000
ONLINE_FRONT
0.000000000000000 8897299.999999998137355 -8897300.000000000000000
ONLINE_BACK
0.000000000000000 4863550.000000000000000 -4863550.000000000000000
ONLINE_BACK
0.000000000000000 46099.999999999992724 -46100.000000000000000
ONLINE_BACK
0.000000000000000 6062149.999999999068677 6062150.000000000000000
ONLINE_FRONT
0.000000000000000 3572749.999999999534339 3572750.000000000000000
ONLINE_FRONT
0.000000000000000 8643749.999999998137355 -8643750.000000000000000
ONLINE_BACK
0.000000000000000 484049.999999999941792 484050.000000000000000
ONLINE_FRONT
0.000000000000000 8920350.000000000000000 -8920350.000000000000000
ONLINE_BACK
0.000000000000000 230499.999999999970896 -230500.000000000000000
ONLINE_BACK
0.000000000000000 8897299.999999998137355 8897300.000000000000000
ONLINE_FRONT
0.000000000000000 7721749.999999999068677 7721750.000000000000000
ONLINE_FRONT
0.000000000000000 5624199.999999999068677 -5624200.000000000000000
ONLINE_BACK
0.000000000000000 2074499.999999999767169 2074500.000000000000000
ONLINE_FRONT
0.000000000000000 9611850.000000000000000 -9611850.000000000000000
ONLINE_BACK
0.000000000000000 8782050.000000000000000 -8782050.000000000000000
ONLINE_BACK
0.000000000000000 8943400.000000000000000 8943400.000000000000000
ONLINE_FRONT
0.000000000000000 4264250.000000000000000 -4264250.000000000000000
ONLINE_BACK
0.000000000000000 6661450.000000000000000 6661450.000000000000000
ONLINE_FRONT
0.000000000000000 6523149.999999999068677 6523150.000000000000000
ONLINE_FRONT
0.000000000000000 6500099.999999999068677 6500100.000000000000000
ONLINE_FRONT
0.000000000000000 7030249.999999999068677 -7030250.000000000000000
ONLINE_BACK
0.000000000000000 7514299.999999999068677 7514300.000000000000000
ONLINE_FRONT
0.000000000000000 4679149.999999999068677 -4679150.000000000000000
ONLINE_BACK
0.000000000000000 9058649.999999998137355 9058650.000000000000000
ONLINE_FRONT
0.000000000000000 1521299.999999999767169 1521300.000000000000000
ONLINE_FRONT
0.000000000000000 5854699.999999999068677 -5854700.000000000000000
ONLINE_BACK
0.000000000000000 5301500.000000000000000 -5301500.000000000000000
ONLINE_BACK
0.000000000000000 1221649.999999999767169 -1221650.000000000000000
ONLINE_BACK
0.000000000000000 7099400.000000000000000 7099400.000000000000000
ONLINE_FRONT
0.000000000000000 5877749.999999999068677 -5877750.000000000000000
ONLINE_BACK
0.000000000000000 5209300.000000000000000 5209300.000000000000000
ONLINE_FRONT
0.000000000000000 5163199.999999999068677 -5163200.000000000000000
ONLINE_BACK
0.000000000000000 7813950.000000000000000 7813950.000000000000000
ONLINE_FRONT
0.000000000000000 9243050.000000000000000 -9243050.000000000000000
ONLINE_BACK
0.000000000000000 345750.000000000000000 345750.000000000000000
ONLINE_FRONT
0.000000000000000 7675649.999999999068677 7675650.000000000000000
ONLINE_FRONT
0.000000000000000 9012550.000000000000000 9012550.000000000000000
ONLINE_FRONT
0.000000000000000 2950399.999999999534339 -2950400.000000000000000
ONLINE_BACK
0.000000000000000 6454000.000000000000000 6454000.000000000000000
ONLINE_FRONT
0.000000000000000 6707549.999999999068677 6707550.000000000000000
ONLINE_FRONT
0.000000000000000 8828149.999999998137355 -8828150.000000000000000
ONLINE_BACK
0.000000000000000 668449.999999999883585 668450.000000000000000
ONLINE_FRONT
0.000000000000000 115249.999999999985448 -115250.000000000000000
ONLINE_BACK
0.000000000000000 4310349.999999999068677 -4310350.000000000000000
ONLINE_BACK
0.000000000000000 4264250.000000000000000 4264250.000000000000000
ONLINE_FRONT
0.000000000000000 806750.000000000000000 806750.000000000000000
ONLINE_FRONT
0.000000000000000 5762500.000000000000000 -5762500.000000000000000
ONLINE_BACK
0.000000000000000 5301500.000000000000000 -5301500.000000000000000
ONLINE_BACK
0.000000000000000 8251900.000000000000000 8251900.000000000000000
ONLINE_FRONT
0.000000000000000 7375999.999999999068677 7376000.000000000000000
ONLINE_FRONT
0.000000000000000 8344099.999999999068677 -8344100.000000000000000
ONLINE_BACK
0.000000000000000 4725250.000000000000000 4725250.000000000000000
ONLINE_FRONT
0.000000000000000 9588799.999999998137355 9588800.000000000000000
ONLINE_FRONT
0.000000000000000 10211149.999999998137355 10211150.000000000000000
ONLINE_FRONT
0.000000000000000 10649099.999999998137355 -10649100.000000000000000
ONLINE_BACK
0.000000000000000 7099400.000000000000000 -7099400.000000000000000
ONLINE_BACK
0.000000000000000 276599.999999999941792 276600.000000000000000
ONLINE_FRONT
0.000000000000000 3526649.999999999534339 -3526650.000000000000000
ONLINE_BACK
0.000000000000000 3019549.999999999534339 3019550.000000000000000
ONLINE_FRONT
0.000000000000000 2812099.999999999534339 -2812100.000000000000000
ONLINE_BACK
0.000000000000000 2719899.999999999534339 -2719900.000000000000000
ONLINE_BACK
0.000000000000000 5900799.999999999068677 -5900800.000000000000000
ONLINE_BACK
0.000000000000000 4978800.000000000000000 4978800.000000000000000
ONLINE_FRONT
0.000000000000000 1406049.999999999767169 1406050.000000000000000
ONLINE_FRONT
0.000000000000000 4102899.999999999534339 4102900.000000000000000
ONLINE_FRONT
0.000000000000000 2189750.000000000000000 2189750.000000000000000
ONLINE_FRONT
0.000000000000000 6200450.000000000000000 -6200450.000000000000000
ONLINE_BACK
0.000000000000000 9911500.000000000000000 -9911500.000000000000000
ONLINE_BACK
0.000000000000000 138299.999999999970896 138300.000000000000000
ONLINE_FRONT
0.000000000000000 7537350.000000000000000 7537350.000000000000000
ONLINE_FRONT
0.000000000000000 6707549.999999999068677 -6707550.000000000000000
ONLINE_BACK
0.000000000000000 507099.999999999941792 -507100.000000000000000
ONLINE_BACK
0.000000000000000 7145499.999999999068677 -7145500.000000000000000
ONLINE_BACK
0.000000000000000 622350.000000000000000 622350.000000000000000
ONLINE_FRONT
0.000000000000000 2235850.000000000000000 -2235850.000000000000000
ONLINE_BACK
0.000000000000000 9865400.000000000000000 9865400.000000000000000
ONLINE_FRONT
0.000000000000000 9957600.000000000000000 -9957600.000000000000000
ONLINE_BACK
0.000000000000000 2673799.999999999534339 -2673800.000000000000000
ONLINE_BACK
0.000000000000000 3411399.999999999534339 3411400.000000000000000
ONLINE_FRONT
0.000000000000000 3687999.999999999534339 -3688000.000000000000000
ONLINE_BACK
0.000000000000000 7399049.999999999068677 7399050.000000000000000
ONLINE_FRONT
0.000000000000000 6822799.999999999068677 6822800.000000000000000
ONLINE_FRONT
0.000000000000000 6753649.999999999068677 6753650.000000000000000
ONLINE_FRONT
0.000000000000000 3019549.999999999534339 3019550.000000000000000
ONLINE_FRONT
0.000000000000000 10441650.000000000000000 -10441650.000000000000000
ONLINE_BACK
0.000000000000000 10695199.999999998137355 10695200.000000000000000
ONLINE_FRONT
0.000000000000000 1383000.000000000000000 1383000.000000000000000
ONLINE_FRONT
0.000000000000000 2258900.000000000000000 -2258900.000000000000000
ONLINE_BACK
0.000000000000000 3780200.000000000000000 -3780200.000000000000000
ONLINE_BACK
0.000000000000000 9473550.000000000000000 9473550.000000000000000
ONLINE_FRONT
0.000000000000000 2005350.000000000000000 -2005350.000000000000000
ONLINE_BACK
0.000000000000000 9750149.999999998137355 -9750150.000000000000000
ONLINE_BACK
0.000000000000000 6592299.999999999068677 6592300.000000000000000
ONLINE_FRONT
0.000000000000000 7514299.999999999068677 7514300.000000000000000
ONLINE_FRONT
0.000000000000000 5047950.000000000000000 -5047950.000000000000000
ONLINE_BACK
0.000000000000000 11386700.000000000000000 11386700.000000000000000
ONLINE_FRONT
0.000000000000000 10603000.000000000000000 10603000.000000000000000
ONLINE_FRONT
0.000000000000000 3042599.999999999534339 -3042600.000000000000000
ONLINE_BACK
0.000000000000000 9842350.000000000000000 9842350.000000000000000
ONLINE_FRONT
0.000000000000000 5923850.000000000000000 -5923850.000000000000000
ONLINE_BACK
0.000000000000000 3941549.999999999534339 -3941550.000000000000000
ONLINE_BACK
0.000000000000000 8205799.999999999068677 -8205800.000000000000000
ONLINE_BACK
0.000000000000000 6891950.000000000000000 -6891950.000000000000000
ONLINE_BACK
0.000000000000000 5578099.999999999068677 5578100.000000000000000
ONLINE_FRONT
0.000000000000000 5024900.000000000000000 -5024900.000000000000000
ONLINE_BACK
0.000000000000000 7283799.999999999068677 -7283800.000000000000000
ONLINE_BACK
0.000000000000000 6154350.000000000000000 -6154350.000000000000000
ONLINE_BACK
0.000000000000000 10925700.000000000000000 -10925700.000000000000000
ONLINE_BACK
0.000000000000000 8828149.999999998137355 -8828150.000000000000000
ONLINE_BACK
0.000000000000000 1567399.999999999767169 -1567400.000000000000000
ONLINE_BACK
0.000000000000000 1475199.999999999767169 1475200.000000000000000
ONLINE_FRONT
0.000000000000000 530150.000000000000000 530150.000000000000000
ONLINE_FRONT
0.000000000000000 11133149.999999998137355 11133150.000000000000000
ONLINE_FRONT
0.000000000000000 10994850.000000000000000 -10994850.000000000000000
ONLINE_BACK
0.000000000000000 276599.999999999941792 -276600.000000000000000
ONLINE_BACK
0.000000000000000 5900799.999999999068677 5900800.000000000000000
ONLINE_FRONT
0.000000000000000 3480549.999999999534339 -3480550.000000000000000
ONLINE_BACK
0.000000000000000 4771349.999999999068677 4771350.000000000000000
ONLINE_FRONT
0.000000000000000 10487750.000000000000000 -10487750.000000000000000
ONLINE_BACK
0.000000000000000 6154350.000000000000000 -6154350.000000000000000
ONLINE_BACK
0.000000000000000 507099.999999999941792 507100.000000000000000
ONLINE_FRONT
0.000000000000000 5163199.999999999068677 -5163200.000000000000000
ONLINE_BACK
0.000000000000000 484049.999999999941792 484050.000000000000000
ONLINE_FRONT
0.000000000000000 368799.999999999941792 368800.000000000000000
ONLINE_FRONT
0.000000000000000 6200450.000000000000000 -6200450.000000000000000
ONLINE_BACK
0.000000000000000 10810449.999999998137355 -10810450.000000000000000
ONLINE_BACK
0.000000000000000 3664950.000000000000000 3664950.000000000000000
ONLINE_FRONT
0.000000000000000 11248399.999999998137355 11248400.000000000000000
ONLINE_FRONT
0.000000000000000 1014199.999999999883585 -1014200.000000000000000
ONLINE_BACK
0.000000000000000 4079849.999999999534339 4079850.000000000000000
ONLINE_FRONT
0.000000000000000 9335249.999999998137355 -9335250.000000000000000
ONLINE_BACK
0.000000000000000 9473550.000000000000000 9473550.000000000000000
ONLINE_FRONT
0.000000000000000 391849.999999999941792 -391850.000000000000000
ONLINE_BACK
0.000000000000000 2074499.999999999767169 2074500.000000000000000
ONLINE_FRONT
0.000000000000000 10533850.000000000000000 10533850.000000000000000
ONLINE_FRONT
0.000000000000000 2305000.000000000000000 2305000.000000000000000
ONLINE_FRONT
0.000000000000000 6131299.999999999068677 -6131300.000000000000000
ONLINE_BACK
0.000000000000000 1867049.999999999767169 -1867050.000000000000000
ONLINE_BACK
0.000000000000000 10487750.000000000000000 10487750.000000000000000
ONLINE_FRONT
0.000000000000000 10234199.999999998137355 -10234200.000000000000000
ONLINE_BACK
0.000000000000000 3319200.000000000000000 3319200.000000000000000
ONLINE_FRONT
0.000000000000000 7606499.999999999068677 7606500.000000000000000
ONLINE_FRONT
0.000000000000000 2650750.000000000000000 -2650750.000000000000000
ONLINE_BACK
0.000000000000000 898949.999999999883585 898950.000000000000000
ONLINE_FRONT
0.000000000000000 714550.000000000000000 -714550.000000000000000
ONLINE_BACK
0.000000000000000 2973450.000000000000000 -2973450.000000000000000
ONLINE_BACK
0.000000000000000 7975299.999999999068677 7975300.000000000000000
ONLINE_FRONT
0.000000000000000 599299.999999999883585 -599300.000000000000000
ONLINE_BACK
0.000000000000000 8828149.999999998137355 8828150.000000000000000
ONLINE_FRONT
0.000000000000000 9312199.999999998137355 -9312200.000000000000000
ONLINE_BACK
0.000000000000000 9473550.000000000000000 -9473550.000000000000000
ONLINE_BACK
0.000000000000000 5117099.999999999068677 -5117100.000000000000000
ONLINE_BACK
0.000000000000000 9957600.000000000000000 9957600.000000000000000
ONLINE_FRONT
0.000000000000000 484049.999999999941792 -484050.000000000000000
ONLINE_BACK
0.000000000000000 530150.000000000000000 530150.000000000000000
ONLINE_FRONT
0.000000000000000 645399.999999999883585 645400.000000000000000
ONLINE_FRONT
0.000000000000000 5923850.000000000000000 5923850.000000000000000
ONLINE_FRONT
0.000000000000000 5209300.000000000000000 5209300.000000000000000
ONLINE_FRONT
0.000000000000000 11225349.999999998137355 11225350.000000000000000
ONLINE_FRONT
0.000000000000000 3434450.000000000000000 3434450.000000000000000
ONLINE_FRONT
0.000000000000000 6292649.999999999068677 -6292650.000000000000000
ONLINE_BACK
0.000000000000000 7860049.999999999068677 7860050.000000000000000
ONLINE_FRONT
0.000000000000000 7744799.999999999068677 -7744800.000000000000000
ONLINE_BACK
0.000000000000000 4978800.000000000000000 -4978800.000000000000000
ONLINE_BACK
0.000000000000000 7652599.999999999068677 7652600.000000000000000
ONLINE_FRONT
0.000000000000000 3180899.999999999534339 3180900.000000000000000
ONLINE_FRONT
0.000000000000000 1590449.999999999767169 1590450.000000000000000
ONLINE_FRONT
0.000000000000000 1820949.999999999767169 1820950.000000000000000
ONLINE_FRONT
0.000000000000000 2719899.999999999534339 2719900.000000000000000
ONLINE_FRONT
0.000000000000000 1406049.999999999767169 1406050.000000000000000
ONLINE_FRONT
0.000000000000000 7836999.999999999068677 7837000.000000000000000
ONLINE_FRONT
0.000000000000000 2812099.999999999534339 2812100.000000000000000
ONLINE_FRONT
0.000000000000000 1797899.999999999767169 1797900.000000000000000
ONLINE_FRONT
0.000000000000000 2927349.999999999534339 -2927350.000000000000000
ONLINE_BACK
0.000000000000000 1152500.000000000000000 -1152500.000000000000000
ONLINE_BACK
0.000000000000000 4033749.999999999534339 -4033750.000000000000000
ONLINE_BACK
0.000000000000000 10649099.999999998137355 10649100.000000000000000
ONLINE_FRONT
0.000000000000000 69149.999999999985448 -69150.000000000000000
ONLINE_BACK
0.000000000000000 7122450.000000000000000 7122450.000000000000000
ONLINE_FRONT
0.000000000000000 2858200.000000000000000 -2858200.000000000000000
ONLINE_BACK
0.000000000000000 6523149.999999999068677 -6523150.000000000000000
ONLINE_BACK
0.000000000000000 2535500.000000000000000 2535500.000000000000000
ONLINE_FRONT
0.000000000000000 4195099.999999999068677 4195100.000000000000000
ONLINE_FRONT
0.000000000000000 3872399.999999999534339 -3872400.000000000000000
ONLINE_BACK
0.000000000000000 1359949.999999999767169 1359950.000000000000000
ONLINE_FRONT
0.000000000000000 5532000.000000000000000 -5532000.000000000000000
ONLINE_BACK
0.000000000000000 8551550.000000000000000 8551550.000000000000000
ONLINE_FRONT
0.000000000000000 7952249.999999999068677 7952250.000000000000000
ONLINE_FRONT
0.000000000000000 9243050.000000000000000 9243050.000000000000000
ONLINE_FRONT
0.000000000000000 9911500.000000000000000 -9911500.000000000000000
ONLINE_BACK
0.000000000000000 7836999.999999999068677 7837000.000000000000000
ONLINE_FRONT
0.000000000000000 10280299.999999998137355 10280300.000000000000000
ONLINE_FRONT
0.000000000000000 6730599.999999999068677 6730600.000000000000000
ONLINE_FRONT
0.000000000000000 11478900.000000000000000 11478900.000000000000000
ONLINE_FRONT
0.000000000000000 3134799.999999999534339 3134800.000000000000000
ONLINE_FRONT
0.000000000000000 10211149.999999998137355 -10211150.000000000000000
ONLINE_BACK
0.000000000000000 9796249.999999998137355 -9796250.000000000000000
ONLINE_BACK
0.000000000000000 4863550.000000000000000 4863550.000000000000000
ONLINE_FRONT
0.000000000000000 5647249.999999999068677 -5647250.000000000000000
ONLINE_BACK
0.000000000000000 2051449.999999999767169 -2051450.000000000000000
ONLINE_BACK
0.000000000000000 9058649.999999998137355 9058650.000000000000000
ONLINE_FRONT
0.000000000000000 1429100.000000000000000 -1429100.000000000000000
ONLINE_BACK
0.000000000000000 3872399.999999999534339 -3872400.000000000000000
ONLINE_BACK
0.000000000000000 8274949.999999999068677 -8274950.000000000000000
ONLINE_BACK
0.000000000000000 6523149.999999999068677 6523150.000000000000000
ONLINE_FRONT
0.000000000000000 9473550.000000000000000 9473550.000000000000000
ONLINE_FRONT
0.000000000000000 115249.999999999985448 115250.000000000000000
ONLINE_FRONT
0.000000000000000 2489400.000000000000000 -2489400.000000000000000
ONLINE_BACK
0.000000000000000 1843999.999999999767169 -1844000.000000000000000
ONLINE_BACK
0.000000000000000 10626050.000000000000000 10626050.000000000000000
ONLINE_FRONT
0.000000000000000 2535500.000000000000000 -2535500.000000000000000
ONLINE_BACK
0.000000000000000 8436299.999999998137355 -8436300.000000000000000
ONLINE_BACK
0.000000000000000 5324549.999999999068677 -5324550.000000000000000
ONLINE_BACK
0.000000000000000 5232350.000000000000000 -5232350.000000000000000
ONLINE_BACK
0.000000000000000 3157849.999999999534339 3157850.000000000000000
ONLINE_FRONT
0.000000000000000 3365299.999999999534339 3365300.000000000000000
ONLINE_FRONT
0.000000000000000 7191599.999999999068677 -7191600.000000000000000
ONLINE_BACK
0.000000000000000 4932700.000000000000000 4932700.000000000000000
ONLINE_FRONT
0.000000000000000 8851199.999999998137355 -8851200.000000000000000
ONLINE_BACK
0.000000000000000 11294499.999999998137355 -11294500.000000000000000
ONLINE_BACK
0.000000000000000 737599.999999999883585 -737600.000000000000000
ONLINE_BACK
0.000000000000000 8044450.000000000000000 -8044450.000000000000000
ONLINE_BACK
0.000000000000000 1682649.999999999767169 1682650.000000000000000
ONLINE_FRONT
0.000000000000000 7491249.999999999068677 7491250.000000000000000
ONLINE_FRONT
0.000000000000000 3826299.999999999534339 3826300.000000000000000
ONLINE_FRONT
0.000000000000000 322699.999999999941792 -322700.000000000000000
ONLINE_BACK
0.000000000000000 2973450.000000000000000 -2973450.000000000000000
ONLINE_BACK
0.000000000000000 10188099.999999998137355 -10188100.000000000000000
ONLINE_BACK
0.000000000000000 2420250.000000000000000 -2420250.000000000000000
ONLINE_BACK
0.000000000000000 6661450.000000000000000 6661450.000000000000000
ONLINE_FRONT
0.000000000000000 10856549.999999998137355 10856550.000000000000000
ONLINE_FRONT
0.000000000000000 437949.999999999941792 437950.000000000000000
ONLINE_FRONT
0.000000000000000 10487750.000000000000000 -10487750.000000000000000
ONLINE_BACK
0.000000000000000 4241200.000000000000000 -4241200.000000000000000
ONLINE_BACK
0.000000000000000 9796249.999999998137355 9796250.000000000000000
ONLINE_FRONT
0.000000000000000 806750.000000000000000 -806750.000000000000000
ONLINE_BACK
0.000000000000000 69149.999999999985448 69150.000000000000000
ONLINE_FRONT
0.000000000000000 2881250.000000000000000 2881250.000000000000000
ONLINE_FRONT
0.000000000000000 3434450.000000000000000 3434450.000000000000000
ONLINE_FRONT
0.000000000000000 6500099.999999999068677 6500100.000000000000000
ONLINE_FRONT
0.000000000000000 3572749.999999999534339 -3572750.000000000000000
ONLINE_BACK
0.000000000000000 6891950.000000000000000 6891950.000000000000000
ONLINE_FRONT
0.000000000000000 5324549.999999999068677 5324550.000000000000000
ONLINE_FRONT
0.000000000000000 783699.999999999883585 -783700.000000000000000
ONLINE_BACK
0.000000000000000 11501950.000000000000000 11501950.000000000000000
ONLINE_FRONT
0.000000000000000 921999.999999999883585 922000.000000000000000
ONLINE_FRONT
0.000000000000000 3180899.999999999534339 3180900.000000000000000
ONLINE_FRONT
0.000000000000000 299649.999999999941792 -299650.000000000000000
ONLINE_BACK
0.000000000000000 11340599.999999998137355 -11340600.000000000000000
ONLINE_BACK
0.000000000000000 2581599.999999999534339 -2581600.000000000000000
ONLINE_BACK
0.000000000000000 9243050.000000000000000 -9243050.000000000000000
ONLINE_BACK
0.000000000000000 391849.999999999941792 391850.000000000000000
ONLINE_FRONT
0.000000000000000 8528500.000000000000000 -8528500.000000000000000
ONLINE_BACK
0.000000000000000 9173900.000000000000000 9173900.000000000000000
ONLINE_FRONT
0.000000000000000 6569249.999999999068677 6569250.000000000000000
ONLINE_FRONT
0.000000000000000 5693350.000000000000000 5693350.000000000000000
ONLINE_FRONT
0.000000000000000 7375999.999999999068677 7376000.000000000000000
ONLINE_FRONT
0.000000000000000 9819299.999999998137355 -9819300.000000000000000
ONLINE_BACK
0.000000000000000 10095900.000000000000000 -10095900.000000000000000
ONLINE_BACK
0.000000000000000 1152500.000000000000000 1152500.000000000000000
ONLINE_FRONT
0.000000000000000 1290799.999999999767169 1290800.000000000000000
ONLINE_FRONT
0.000000000000000 3411399.999999999534339 3411400.000000000000000
ONLINE_FRONT
0.000000000000000 10257249.999999998137355 -10257250.000000000000000
ONLINE_BACK
0.000000000000000 414900.000000000000000 414900.000000000000000
ONLINE_FRONT
0.000000000000000 11409750.000000000000000 -11409750.000000000000000
ONLINE_BACK
0.000000000000000 11317549.999999998137355 -11317550.000000000000000
ONLINE_BACK
0.000000000000000 8297999.999999999068677 8298000.000000000000000
ONLINE_FRONT
0.000000000000000 1728749.999999999767169 -1728750.000000000000000
ONLINE_BACK
0.000000000000000 10026750.000000000000000 10026750.000000000000000
ONLINE_FRONT
0.000000000000000 4102899.999999999534339 4102900.000000000000000
ONLINE_FRONT
0.000000000000000 9865400.000000000000000 -9865400.000000000000000
ONLINE_BACK
0.000000000000000 1152500.000000000000000 1152500.000000000000000
ONLINE_FRONT
0.000000000000000 1751799.999999999767169 1751800.000000000000000
ONLINE_FRONT
0.000000000000000 2858200.000000000000000 -2858200.000000000000000
ONLINE_BACK
0.000000000000000 9404400.000000000000000 -9404400.000000000000000
ONLINE_BACK
0.000000000000000 3111750.000000000000000 3111750.000000000000000
ONLINE_FRONT
0.000000000000000 2835149.999999999534339 2835150.000000000000000
ONLINE_FRONT
0.000000000000000 921999.999999999883585 -922000.000000000000000
ONLINE_BACK
0.000000000000000 576250.000000000000000 -576250.000000000000000
ONLINE_BACK
0.000000000000000 5186249.999999999068677 -5186250.000000000000000
ONLINE_BACK
0.000000000000000 46099.999999999992724 46100.000000000000000
ONLINE_FRONT
0.000000000000000 3480549.999999999534339 -3480550.000000000000000
ONLINE_BACK
0.000000000000000 7975299.999999999068677 -7975300.000000000000000
ONLINE_BACK
0.000000000000000 645399.999999999883585 -645400.000000000000000
ONLINE_BACK
0.000000000000000 10441650.000000000000000 10441650.000000000000000
ONLINE_FRONT
0.000000000000000 5993000.000000000000000 -5993000.000000000000000
ONLINE_BACK
0.000000000000000 4379500.000000000000000 4379500.000000000000000
ONLINE_FRONT
0.000000000000000 5301500.000000000000000 5301500.000000000000000
ONLINE_FRONT
0.000000000000000 4909649.999999999068677 4909650.000000000000000
ONLINE_FRONT
0.000000000000000 9588799.999999998137355 -9588800.000000000000000
ONLINE_BACK
0.000000000000000 2927349.999999999534339 -2927350.000000000000000
ONLINE_BACK
0.000000000000000 7214649.999999999068677 -7214650.000000000000000
ONLINE_BACK
0.000000000000000 4333399.999999999068677 4333400.000000000000000
ONLINE_FRONT
0.000000000000000 4033749.999999999534339 -4033750.000000000000000
ONLINE_BACK
0.000000000000000 6615350.000000000000000 6615350.000000000000000
ONLINE_FRONT
0.000000000000000 1060300.000000000000000 -1060300.000000000000000
ONLINE_BACK
0.000000000000000 7698699.999999999068677 7698700.000000000000000
ONLINE_FRONT
0.000000000000000 9312199.999999998137355 -9312200.000000000000000
ONLINE_BACK
0.000000000000000 10533850.000000000000000 -10533850.000000000000000
ONLINE_BACK
0.000000000000000 8136649.999999999068677 8136650.000000000000000
ONLINE_FRONT
0.000000000000000 10971800.000000000000000 10971800.000000000000000
ONLINE_FRONT
0.000000000000000 6822799.999999999068677 6822800.000000000000000
ONLINE_FRONT
0.000000000000000 4932700.000000000000000 4932700.000000000000000
ONLINE_FRONT
0.000000000000000 6430950.000000000000000 -6430950.000000000000000
ONLINE_BACK
0.000000000000000 5324549.999999999068677 -5324550.000000000000000
ONLINE_BACK
0.000000000000000 6592299.999999999068677 -6592300.000000000000000
ONLINE_BACK
0.000000000000000 6984149.999999999068677 -6984150.000000000000000
ONLINE_BACK
0.000000000000000 8067499.999999999068677 8067500.000000000000000
ONLINE_FRONT
0.000000000000000 10833499.999999998137355 -10833500.000000000000000
ONLINE_BACK
0.000000000000000 6546199.999999999068677 6546200.000000000000000
ONLINE_FRONT
0.000000000000000 6684499.999999999068677 -6684500.000000000000000
ONLINE_BACK
0.000000000000000 4725250.000000000000000 -4725250.000000000000000
ONLINE_BACK
0.000000000000000 0.000000000000000 0.000000000000000
ON_SEGMENT
0.000000000000000 7790900.000000000000000 7790900.000000000000000
ONLINE_FRONT
0.000000000000000 7030249.999999999068677 7030250.000000000000000
ONLINE_FRONT
0.000000000000000 4471700.000000000000000 4471700.000000000000000
ONLINE_FRONT
0.000000000000000 8897299.999999998137355 -8897300.000000000000000
ONLINE_BACK
0.000000000000000 2766000.000000000000000 -2766000.000000000000000
ONLINE_BACK
0.000000000000000 622350.000000000000000 622350.000000000000000
ONLINE_FRONT
0.000000000000000 4402550.000000000000000 -4402550.000000000000000
ONLINE_BACK
0.000000000000000 2881250.000000000000000 2881250.000000000000000
ONLINE_FRONT
0.000000000000000 9243050.000000000000000 -9243050.000000000000000
ONLINE_BACK
0.000000000000000 10049800.000000000000000 -10049800.000000000000000
ONLINE_BACK
0.000000000000000 8251900.000000000000000 -8251900.000000000000000
ONLINE_BACK
0.000000000000000 8943400.000000000000000 -8943400.000000000000000
ONLINE_BACK
0.000000000000000 7675649.999999999068677 -7675650.000000000000000
ONLINE_BACK
0.000000000000000 5946900.000000000000000 5946900.000000000000000
ONLINE_FRONT
0.000000000000000 6407900.000000000000000 6407900.000000000000000
ONLINE_FRONT
0.000000000000000 1060300.000000000000000 -1060300.000000000000000
ONLINE_BACK
0.000000000000000 5946900.000000000000000 5946900.000000000000000
ONLINE_FRONT
0.000000000000000 11294499.999999998137355 11294500.000000000000000
ONLINE_FRONT
0.000000000000000 7883099.999999999068677 -7883100.000000000000000
ONLINE_BACK
0.000000000000000 2950399.999999999534339 -2950400.000000000000000
ONLINE_BACK
0.000000000000000 9727100.000000000000000 9727100.000000000000000
ONLINE_FRONT
0.000000000000000 5071000.000000000000000 -5071000.000000000000000
ONLINE_BACK
0.000000000000000 9565749.999999998137355 9565750.000000000000000
ONLINE_FRONT
0.000000000000000 2189750.000000000000000 2189750.000000000000000
ONLINE_FRONT
0.000000000000000 7675649.999999999068677 7675650.000000000000000
ONLINE_FRONT
0.000000000000000 2927349.999999999534339 -2927350.000000000000000
ONLINE_BACK
0.000000000000000 1475199.999999999767169 -1475200.000000000000000
ONLINE_BACK
0.000000000000000 8759000.000000000000000 -8759000.000000000000000
ONLINE_BACK
0.000000000000000 4218149.999999999068677 -4218150.000000000000000
ONLINE_BACK
0.000000000000000 5278450.000000000000000 -5278450.000000000000000
ONLINE_BACK
0.000000000000000 945050.000000000000000 -945050.000000000000000
ONLINE_BACK
0.000000000000000 11409750.000000000000000 11409750.000000000000000
ONLINE_FRONT
0.000000000000000 3411399.999999999534339 3411400.000000000000000
ONLINE_FRONT
0.000000000000000 7537350.000000000000000 -7537350.000000000000000
ONLINE_BACK
0.000000000000000 5047950.000000000000000 -5047950.000000000000000
ONLINE_BACK
0.000000000000000 5232350.000000000000000 -5232350.000000000000000
ONLINE_BACK
0.000000000000000 1037249.999999999883585 -1037250.000000000000000
ONLINE_BACK
0.000000000000000 921999.999999999883585 922000.000000000000000
ONLINE_FRONT
0.000000000000000 10464700.000000000000000 10464700.000000000000000
ONLINE_FRONT
0.000000000000000 714550.000000000000000 714550.000000000000000
ONLINE_FRONT
0.000000000000000 1406049.999999999767169 -1406050.000000000000000
ONLINE_BACK
0.000000000000000 207450.000000000000000 207450.000000000000000
ONLINE_FRONT
0.000000000000000 11432800.000000000000000 11432800.000000000000000
ONLINE_FRONT
0.000000000000000 4586950.000000000000000 -4586950.000000000000000
ONLINE_BACK
0.000000000000000 9865400.000000000000000 -9865400.000000000000000
ONLINE_BACK
0.000000000000000 5670299.999999999068677 -5670300.000000000000000
ONLINE_BACK
0.000000000000000 7952249.999999999068677 -7952250.000000000000000
ONLINE_BACK
0.000000000000000 7629549.999999999068677 -7629550.000000000000000
ONLINE_BACK
0.000000000000000 7145499.999999999068677 7145500.000000000000000
ONLINE_FRONT
0.000000000000000 9335249.999999998137355 -9335250.000000000000000
ONLINE_BACK
0.000000000000000 11017900.000000000000000 11017900.000000000000000
ONLINE_FRONT
0.000000000000000 1336899.999999999767169 -1336900.000000000000000
ONLINE_BACK
0.000000000000000 5163199.999999999068677 -5163200.000000000000000
ONLINE_BACK
0.000000000000000 2143650.000000000000000 -2143650.000000000000000
ONLINE_BACK
0.000000000000000 2881250.000000000000000 2881250.000000000000000
ONLINE_FRONT
0.000000000000000 8966450.000000000000000 -8966450.000000000000000
ONLINE_BACK
0.000000000000000 3711049.999999999534339 3711050.000000000000000
ONLINE_FRONT
0.000000000000000 9404400.000000000000000 -9404400.000000000000000
ONLINE_BACK
0.000000000000000 7214649.999999999068677 -7214650.000000000000000
ONLINE_BACK
0.000000000000000 507099.999999999941792 507100.000000000000000
ONLINE_FRONT
0.000000000000000 9104749.999999998137355 9104750.000000000000000
ONLINE_FRONT
0.000000000000000 11225349.999999998137355 11225350.000000000000000
ONLINE_FRONT
0.000000000000000 852849.999999999883585 852850.000000000000000
ONLINE_FRONT
0.000000000000000 4310349.999999999068677 -4310350.000000000000000
ONLINE_BACK
0.000000000000000 7122450.000000000000000 -7122450.000000000000000
ONLINE_BACK
0.000000000000000 4656099.999999999068677 -4656100.000000000000000
ONLINE_BACK
0.000000000000000 7744799.999999999068677 -7744800.000000000000000
ONLINE_BACK
0.000000000000000 4586950.000000000000000 -4586950.000000000000000
ONLINE_BACK
0.000000000000000 622350.000000000000000 -622350.000000000000000
ONLINE_BACK
0.000000000000000 7306850.000000000000000 -7306850.000000000000000
ONLINE_BACK
0.000000000000000 7145499.999999999068677 7145500.000000000000000
ONLINE_FRONT
0.000000000000000 9012550.000000000000000 9012550.000000000000000
ONLINE_FRONT
0.000000000000000 10971800.000000000000000 10971800.000000000000000
ONLINE_FRONT
0.000000000000000 968099.999999999883585 968100.000000000000000
ONLINE_FRONT
0.000000000000000 10165050.000000000000000 10165050.000000000000000
ONLINE_FRONT
0.000000000000000 8297999.999999999068677 8298000.000000000000000
ONLINE_FRONT
0.000000000000000 8851199.999999998137355 8851200.000000000000000
ONLINE_FRONT
0.000000000000000 8528500.000000000000000 -8528500.000000000000000
ONLINE_BACK
0.000000000000000 2120600.000000000000000 2120600.000000000000000
ONLINE_FRONT
0.000000000000000 6361799.999999999068677 6361800.000000000000000
ONLINE_FRONT
0.000000000000000 5255400.000000000000000 -5255400.000000000000000
ONLINE_BACK
0.000000000000000 7399049.999999999068677 -7399050.000000000000000
ONLINE_BACK
0.000000000000000 5370649.999999999068677 5370650.000000000000000
ONLINE_FRONT
0.000000000000000 10072850.000000000000000 -10072850.000000000000000
ONLINE_BACK
0.000000000000000 3618849.999999999534339 3618850.000000000000000
ONLINE_FRONT
0.000000000000000 3503599.999999999534339 3503600.000000000000000
ONLINE_FRONT
0.000000000000000 8828149.999999998137355 8828150.000000000000000
ONLINE_FRONT
0.000000000000000 4656099.999999999068677 4656100.000000000000000
ONLINE_FRONT
0.000000000000000 4863550.000000000000000 4863550.000000000000000
ONLINE_FRONT
0.000000000000000 645399.999999999883585 645400.000000000000000
ONLINE_FRONT
0.000000000000000 1406049.999999999767169 -1406050.000000000000000
ONLINE_BACK
0.000000000000000 3734099.999999999534339 -3734100.000000000000000
ONLINE_BACK
0.000000000000000 8390199.999999998137355 8390200.000000000000000
ONLINE_FRONT
0.000000000000000 10418600.000000000000000 -10418600.000000000000000
ONLINE_BACK
0.000000000000000 945050.000000000000000 -945050.000000000000000
ONLINE_BACK
0.000000000000000 5001850.000000000000000 5001850.000000000000000
ONLINE_FRONT
0.000000000000000 6661450.000000000000000 6661450.000000000000000
ONLINE_FRONT
0.000000000000000 8920350.000000000000000 8920350.000000000000000
ONLINE_FRONT
0.000000000000000 8943400.000000000000000 -8943400.000000000000000
ONLINE_BACK
0.000000000000000 3042599.999999999534339 -3042600.000000000000000
ONLINE_BACK
0.000000000000000 11156199.999999998137355 11156200.000000000000000
ONLINE_FRONT
0.000000000000000 7952249.999999999068677 -7952250.000000000000000
ONLINE_BACK
0.000000000000000 6430950.000000000000000 6430950.000000000000000
ONLINE_FRONT
0.000000000000000 7122450.000000000000000 7122450.000000000000000
ONLINE_FRONT
0.000000000000000 2789049.999999999534339 -2789050.000000000000000
ONLINE_BACK
0.000000000000000 2005350.000000000000000 2005350.000000000000000
ONLINE_FRONT
0.000000000000000 8759000.000000000000000 8759000.000000000000000
ONLINE_FRONT
0.000000000000000 9289149.999999998137355 9289150.000000000000000
ONLINE_FRONT
0.000000000000000 10579950.000000000000000 -10579950.000000000000000
ONLINE_BACK
0.000000000000000 9381350.000000000000000 9381350.000000000000000
ONLINE_FRONT
0.000000000000000 10879599.999999998137355 10879600.000000000000000
ONLINE_FRONT
0.000000000000000 7860049.999999999068677 7860050.000000000000000
ONLINE_FRONT
0.000000000000000 4794399.999999999068677 -4794400.000000000000000
ONLINE_BACK
0.000000000000000 10626050.000000000000000 -10626050.000000000000000
ONLINE_BACK
0.000000000000000 2904299.999999999534339 2904300.000000000000000
ONLINE_FRONT
0.000000000000000 5301500.000000000000000 -5301500.000000000000000
ONLINE_BACK
0.000000000000000 4563899.999999999068677 -4563900.000000000000000
ONLINE_BACK
0.000000000000000 10603000.000000000000000 -10603000.000000000000000
ONLINE_BACK
0.000000000000000 6131299.999999999068677 -6131300.000000000000000
ONLINE_BACK
0.000000000000000 3941549.999999999534339 -3941550.000000000000000
ONLINE_BACK
0.000000000000000 6016049.999999999068677 -6016050.000000000000000
ONLINE_BACK
0.000000000000000 138299.999999999970896 -138300.000000000000000
ONLINE_BACK
0.000000000000000 1221649.999999999767169 1221650.000000000000000
ONLINE_FRONT
0.000000000000000 6523149.999999999068677 -6523150.000000000000000
ONLINE_BACK
0.000000000000000 115249.999999999985448 -115250.000000000000000
ONLINE_BACK
0.000000000000000 668449.999999999883585 668450.000000000000000
ONLINE_FRONT
0.000000000000000 3250049.999999999534339 3250050.000000000000000
ONLINE_FRONT
0.000000000000000 8297999.999999999068677 8298000.000000000000000
ONLINE_FRONT
0.000000000000000 1820949.999999999767169 1820950.000000000000000
ONLINE_FRONT
0.000000000000000 2673799.999999999534339 -2673800.000000000000000
ONLINE_BACK
0.000000000000000 9450500.000000000000000 -9450500.000000000000000
ONLINE_BACK
0.000000000000000 4425599.999999999068677 4425600.000000000000000
ONLINE_FRONT
0.000000000000000 4817450.000000000000000 4817450.000000000000000
ONLINE_FRONT
0.000000000000000 9035600.000000000000000 -9035600.000000000000000
ONLINE_BACK
0.000000000000000 7813950.000000000000000 -7813950.000000000000000
ONLINE_BACK
0.000000000000000 9911500.000000000000000 9911500.000000000000000
ONLINE_FRONT
0.000000000000000 9358299.999999998137355 9358300.000000000000000
ONLINE_FRONT
0.000000000000000 7767850.000000000000000 -7767850.000000000000000
ONLINE_BACK
0.000000000000000 2996500.000000000000000 -2996500.000000000000000
ONLINE_BACK
0.000000000000000 1498250.000000000000000 1498250.000000000000000
ONLINE_FRONT
0.000000000000000 4148999.999999999534339 4149000.000000000000000
ONLINE_FRONT
0.000000000000000 760649.999999999883585 760650.000000000000000
ONLINE_FRONT
0.000000000000000 1820949.999999999767169 -1820950.000000000000000
ONLINE_BACK
0.000000000000000 1843999.999999999767169 -1844000.000000000000000
ONLINE_BACK
0.000000000000000 1820949.999999999767169 1820950.000000000000000
ONLINE_FRONT
0.000000000000000 6016049.999999999068677 6016050.000000000000000
ONLINE_FRONT
0.000000000000000 8459350.000000000000000 -8459350.000000000000000
ONLINE_BACK
0.000000000000000 9727100.000000000000000 9727100.000000000000000
ONLINE_FRONT
0.000000000000000 2397199.999999999534339 -2397200.000000000000000
ONLINE_BACK
0.000000000000000 6200450.000000000000000 -6200450.000000000000000
ONLINE_BACK
0.000000000000000 3157849.999999999534339 3157850.000000000000000
ONLINE_FRONT
0.000000000000000 1544350.000000000000000 -1544350.000000000000000
ONLINE_BACK
0.000000000000000 7514299.999999999068677 -7514300.000000000000000
ONLINE_BACK
0.000000000000000 10257249.999999998137355 10257250.000000000000000
ONLINE_FRONT
0.000000000000000 4448649.999999999068677 4448650.000000000000000
ONLINE_FRONT
0.000000000000000 714550.000000000000000 714550.000000000000000
ONLINE_FRONT
0.000000000000000 2650750.000000000000000 -2650750.000000000000000
ONLINE_BACK
0.000000000000000 6707549.999999999068677 6707550.000000000000000
ONLINE_FRONT
0.000000000000000 8251900.000000000000000 8251900.000000000000000
ONLINE_FRONT
0.000000000000000 7145499.999999999068677 7145500.000000000000000
ONLINE_FRONT
0.000000000000000 7007199.999999999068677 -7007200.000000000000000
ONLINE_BACK
0.000000000000000 5532000.000000000000000 5532000.000000000000000
ONLINE_FRONT
0.000000000000000 5301500.000000000000000 -5301500.000000000000000
ONLINE_BACK
0.000000000000000 9081699.999999998137355 9081700.000000000000000
ONLINE_FRONT
0.000000000000000 553199.999999999883585 553200.000000000000000
ONLINE_FRONT
0.000000000000000 8920350.000000000000000 8920350.000000000000000
ONLINE_FRONT
0.000000000000000 3296149.999999999534339 -3296150.000000000000000
ONLINE_BACK
0.000000000000000 276599.999999999941792 276600.000000000000000
ONLINE_FRONT
0.000000000000000 1498250.000000000000000 1498250.000000000000000
ONLINE_FRONT
0.000000000000000 8897299.999999998137355 8897300.000000000000000
ONLINE_FRONT
0.000000000000000 46099.999999999992724 -46100.000000000000000
ONLINE_BACK
0.000000000000000 9750149.999999998137355 -9750150.000000000000000
ONLINE_BACK
0.000000000000000 7491249.999999999068677 -7491250.000000000000000
ONLINE_BACK
0.000000000000000 6546199.999999999068677 6546200.000000000000000
ONLINE_FRONT
0.000000000000000 5140149.999999999068677 -5140150.000000000000000
ONLINE_BACK
0.000000000000000 7975299.999999999068677 -7975300.000000000000000
ONLINE_BACK
0.000000000000000 437949.999999999941792 437950.000000000000000
ONLINE_FRONT
0.000000000000000 6177400.000000000000000 -6177400.000000000000000
ONLINE_BACK
0.000000000000000 9704050.000000000000000 -9704050.000000000000000
ONLINE_BACK
0.000000000000000 7813950.000000000000000 -7813950.000000000000000
ONLINE_BACK
0.000000000000000 2443299.999999999534339 2443300.000000000000000
ONLINE_FRONT
0.000000000000000 5670299.999999999068677 5670300.000000000000000
ONLINE_FRONT
0.000000000000000 6776699.999999999068677 6776700.000000000000000
ONLINE_FRONT
0.000000000000000 4771349.999999999068677 4771350.000000000000000
ONLINE_FRONT
0.000000000000000 8390199.999999998137355 -8390200.000000000000000
ONLINE_BACK
0.000000000000000 3757149.999999999534339 -3757150.000000000000000
ONLINE_BACK
0.000000000000000 3157849.999999999534339 3157850.000000000000000
ONLINE_FRONT
0.000000000000000 10948750.000000000000000 -10948750.000000000000000
ONLINE_BACK
0.000000000000000 10072850.000000000000000 -10072850.000000000000000
ONLINE_BACK
0.000000000000000 2719899.999999999534339 2719900.000000000000000
ONLINE_FRONT
0.000000000000000 8159699.999999999068677 -8159700.000000000000000
ONLINE_BACK
0.000000000000000 7537350.000000000000000 7537350.000000000000000
ONLINE_FRONT
0.000000000000000 7099400.000000000000000 7099400.000000000000000
ONLINE_FRONT
0.000000000000000 5946900.000000000000000 5946900.000000000000000
ONLINE_FRONT
0.000000000000000 4748300.000000000000000 -4748300.000000000000000
ONLINE_BACK
0.000000000000000 7099400.000000000000000 7099400.000000000000000
ONLINE_FRONT
0.000000000000000 10188099.999999998137355 -10188100.000000000000000
ONLINE_BACK
0.000000000000000 5969950.000000000000000 5969950.000000000000000
ONLINE_FRONT
0.000000000000000 4840500.000000000000000 4840500.000000000000000
ONLINE_FRONT
0.000000000000000 1014199.999999999883585 -1014200.000000000000000
ONLINE_BACK
0.000000000000000 3687999.999999999534339 3688000.000000000000000
ONLINE_FRONT
0.000000000000000 4633050.000000000000000 -4633050.000000000000000
ONLINE_BACK
0.000000000000000 6430950.000000000000000 -6430950.000000000000000
ONLINE_BACK
0.000000000000000 2051449.999999999767169 -2051450.000000000000000
ONLINE_BACK
0.000000000000000 10441650.000000000000000 -10441650.000000000000000
ONLINE_BACK
0.000000000000000 2973450.000000000000000 -2973450.000000000000000
ONLINE_BACK
0.000000000000000 4886599.999999999068677 -4886600.000000000000000
ONLINE_BACK
0.000000000000000 138299.999999999970896 138300.000000000000000
ONLINE_FRONT
0.000000000000000 7399049.999999999068677 -7399050.000000000000000
ONLINE_BACK
0.000000000000000 1083349.999999999767169 1083350.000000000000000
ONLINE_FRONT
0.000000000000000 7883099.999999999068677 -7883100.000000000000000
ONLINE_BACK
0.000000000000000 10118950.000000000000000 -10118950.000000000000000
ONLINE_BACK
0.000000000000000 5255400.000000000000000 -5255400.000000000000000
ONLINE_BACK
0.000000000000000 11340599.999999998137355 -11340600.000000000000000
ONLINE_BACK
0.000000000000000 9727100.000000000000000 -9727100.000000000000000
ONLINE_BACK
0.000000000000000 11455850.000000000000000 -11455850.000000000000000
ONLINE_BACK
0.000000000000000 3227000.000000000000000 3227000.000000000000000
ONLINE_FRONT
0.000000000000000 10603000.000000000000000 10603000.000000000000000
ONLINE_FRONT
0.000000000000000 1313850.000000000000000 -1313850.000000000000000
ONLINE_BACK
0.000000000000000 161349.999999999970896 -161350.000000000000000
ONLINE_BACK
0.000000000000000 2189750.000000000000000 -2189750.000000000000000
ONLINE_BACK
0.000000000000000 11501950.000000000000000 -11501950.000000000000000
ONLINE_BACK
0.000000000000000 8390199.999999998137355 8390200.000000000000000
ONLINE_FRONT
0.000000000000000 9035600.000000000000000 9035600.000000000000000
ONLINE_FRONT
0.000000000000000 11363650.000000000000000 11363650.000000000000000
ONLINE_FRONT
0.000000000000000 5232350.000000000000000 -5232350.000000000000000
ONLINE_BACK
0.000000000000000 10556900.000000000000000 10556900.000000000000000
ONLINE_FRONT
0.000000000000000 9957600.000000000000000 9957600.000000000000000
ONLINE_FRONT
0.000000000000000 2696849.999999999534339 2696850.000000000000000
ONLINE_FRONT
0.000000000000000 10579950.000000000000000 10579950.000000000000000
ONLINE_FRONT
0.000000000000000 1106399.999999999767169 1106400.000000000000000
ONLINE_FRONT
0.000000000000000 5209300.000000000000000 5209300.000000000000000
ONLINE_FRONT
0.000000000000000 11040950.000000000000000 -11040950.000000000000000
ONLINE_BACK
0.000000000000000 2258900.000000000000000 -2258900.000000000000000
ONLINE_BACK
0.000000000000000 9934550.000000000000000 -9934550.000000000000000
ONLINE_BACK
0.000000000000000 4448649.999999999068677 -4448650.000000000000000
ONLINE_BACK
0.000000000000000 253549.999999999970896 -253550.000000000000000
ONLINE_BACK
0.000000000000000 5094049.999999999068677 -5094050.000000000000000
ONLINE_BACK
0.000000000000000 1797899.999999999767169 1797900.000000000000000
ONLINE_FRONT
0.000000000000000 8574600.000000000000000 8574600.000000000000000
ONLINE_FRONT
0.000000000000000 2420250.000000000000000 2420250.000000000000000
ONLINE_FRONT
0.000000000000000 10234199.999999998137355 -10234200.000000000000000
ONLINE_BACK
0.000000000000000 7836999.999999999068677 7837000.000000000000000
ONLINE_FRONT
0.000000000000000 115249.999999999985448 -115250.000000000000000
ONLINE_BACK
0.000000000000000 5739450.000000000000000 5739450.000000000000000
ONLINE_FRONT
0.000000000000000 10280299.999999998137355 10280300.000000000000000
ONLINE_FRONT
0.000000000000000 1705699.999999999767169 1705700.000000000000000
ONLINE_FRONT
0.000000000000000 1544350.000000000000000 1544350.000000000000000
ONLINE_FRONT
0.000000000000000 9657950.000000000000000 9657950.000000000000000
ONLINE_FRONT
0.000000000000000 5555049.999999999068677 -5555050.000000000000000
ONLINE_BACK
0.000000000000000 9565749.999999998137355 -9565750.000000000000000
ONLINE_BACK
0.000000000000000 5393699.999999999068677 5393700.000000000000000
ONLINE_FRONT
0.000000000000000 7260749.999999999068677 -7260750.000000000000000
ONLINE_BACK
0.000000000000000 5047950.000000000000000 5047950.000000000000000
ONLINE_FRONT
0.000000000000000 6799749.999999999068677 -6799750.000000000000000
ONLINE_BACK
0.000000000000000 2950399.999999999534339 -2950400.000000000000000
ONLINE_BACK
0.000000000000000 9980650.000000000000000 -9980650.000000000000000
ONLINE_BACK
0.000000000000000 9842350.000000000000000 9842350.000000000000000
ONLINE_FRONT
0.000000000000000 1406049.999999999767169 1406050.000000000000000
ONLINE_FRONT
0.000000000000000 2212799.999999999534339 2212800.000000000000000
ONLINE_FRONT
0.000000000000000 9381350.000000000000000 -9381350.000000000000000
ONLINE_BACK
0.000000000000000 10372499.999999998137355 10372500.000000000000000
ONLINE_FRONT
0.000000000000000 3503599.999999999534339 -3503600.000000000000000
ONLINE_BACK
0.000000000000000 11248399.999999998137355 11248400.000000000000000
ONLINE_FRONT
0.000000000000000 6500099.999999999068677 -6500100.000000000000000
ONLINE_BACK
0.000000000000000 4978800.000000000000000 -4978800.000000000000000
ONLINE_BACK
0.000000000000000 10856549.999999998137355 10856550.000000000000000
ONLINE_FRONT
0.000000000000000 11225349.999999998137355 11225350.000000000000000
ONLINE_FRONT
0.000000000000000 4264250.000000000000000 4264250.000000000000000
ONLINE_FRONT
0.000000000000000 1452149.999999999767169 1452150.000000000000000
ONLINE_FRONT
0.000000000000000 6454000.000000000000000 6454000.000000000000000
ONLINE_FRONT
0.000000000000000 6338749.999999999068677 6338750.000000000000000
ONLINE_FRONT
0.000000000000000 2028399.999999999767169 2028400.000000000000000
ONLINE_FRONT
0.000000000000000 9727100.000000000000000 9727100.000000000000000
ONLINE_FRONT
0.000000000000000 7652599.999999999068677 -7652600.000000000000000
ONLINE_BACK
0.000000000000000 10464700.000000000000000 -10464700.000000000000000
ONLINE_BACK
0.000000000000000 4356450.000000000000000 -4356450.000000000000000
ONLINE_BACK
0.000000000000000 9634900.000000000000000 9634900.000000000000000
ONLINE_FRONT
0.000000000000000 7606499.999999999068677 7606500.000000000000000
ONLINE_FRONT
0.000000000000000 8620699.999999998137355 8620700.000000000000000
ONLINE_FRONT
0.000000000000000 4817450.000000000000000 4817450.000000000000000
ONLINE_FRONT
0.000000000000000 4379500.000000000000000 4379500.000000000000000
ONLINE_FRONT
0.000000000000000 3480549.999999999534339 -3480550.000000000000000
ONLINE_BACK
0.000000000000000 8136649.999999999068677 8136650.000000000000000
ONLINE_FRONT
0.000000000000000 4840500.000000000000000 4840500.000000000000000
ONLINE_FRONT
0.000000000000000 2189750.000000000000000 2189750.000000000000000
ONLINE_FRONT
0.000000000000000 10672149.999999998137355 -10672150.000000000000000
ONLINE_BACK
0.000000000000000 8735950.000000000000000 -8735950.000000000000000
ONLINE_BACK
0.000000000000000 7744799.999999999068677 7744800.000000000000000
ONLINE_FRONT
0.000000000000000 7652599.999999999068677 7652600.000000000000000
ONLINE_FRONT
0.000000000000000 10902650.000000000000000 10902650.000000000000000
ONLINE_FRONT
0.000000000000000 7214649.999999999068677 7214650.000000000000000
ONLINE_FRONT
0.000000000000000 7698699.999999999068677 7698700.000000000000000
ONLINE_FRONT
0.000000000000000 7744799.999999999068677 -7744800.000000000000000
ONLINE_BACK
0.000000000000000 7629549.999999999068677 -7629550.000000000000000
ONLINE_BACK
0.000000000000000 3042599.999999999534339 -3042600.000000000000000
ONLINE_BACK
0.000000000000000 1590449.999999999767169 -1590450.000000000000000
ONLINE_BACK
0.000000000000000 1936199.999999999767169 1936200.000000000000000
ONLINE_FRONT
0.000000000000000 6200450.000000000000000 -6200450.000000000000000
ONLINE_BACK
0.000000000000000 2927349.999999999534339 2927350.000000000000000
ONLINE_FRONT
0.000000000000000 9450500.000000000000000 -9450500.000000000000000
ONLINE_BACK
0.000000000000000 968099.999999999883585 968100.000000000000000
ONLINE_FRONT
0.000000000000000 4840500.000000000000000 4840500.000000000000000
ONLINE_FRONT
0.000000000000000 8574600.000000000000000 -8574600.000000000000000
ONLINE_BACK
0.000000000000000 7468199.999999999068677 -7468200.000000000000000
ONLINE_BACK
0.000000000000000 8828149.999999998137355 -8828150.000000000000000
ONLINE_BACK
0.000000000000000 8344099.999999999068677 8344100.000000000000000
ONLINE_FRONT
0.000000000000000 9819299.999999998137355 9819300.000000000000000
ONLINE_FRONT
0.000000000000000 6016049.999999999068677 -6016050.000000000000000
ONLINE_BACK
0.000000000000000 4494750.000000000000000 -4494750.000000000000000
ONLINE_BACK
0.000000000000000 4010700.000000000000000 -4010700.000000000000000
ONLINE_BACK
0.000000000000000 5462850.000000000000000 5462850.000000000000000
ONLINE_FRONT
0.000000000000000 8159699.999999999068677 8159700.000000000000000
ONLINE_FRONT
0.000000000000000 1037249.999999999883585 1037250.000000000000000
ONLINE_FRONT
0.000000000000000 10441650.000000000000000 -10441650.000000000000000
ONLINE_BACK
0.000000000000000 8251900.000000000000000 8251900.000000000000000
ONLINE_FRONT
0.000000000000000 1636549.999999999767169 -1636550.000000000000000
ONLINE_BACK
0.000000000000000 1913149.999999999767169 1913150.000000000000000
ONLINE_FRONT
0.000000000000000 4725250.000000000000000 -4725250.000000000000000
ONLINE_BACK
0.000000000000000 9289149.999999998137355 9289150.000000000000000
ONLINE_FRONT
0.000000000000000 10003700.000000000000000 10003700.000000000000000
ONLINE_FRONT
0.000000000000000 1682649.999999999767169 -1682650.000000000000000
ONLINE_BACK
0.000000000000000 8090549.999999999068677 8090550.000000000000000
ONLINE_FRONT
0.000000000000000 1636549.999999999767169 -1636550.000000000000000
ONLINE_BACK
0.000000000000000 3019549.999999999534339 -3019550.000000000000000
ONLINE_BACK
0.000000000000000 8782050.000000000000000 -8782050.000000000000000
ONLINE_BACK
0.000000000000000 437949.999999999941792 -437950.000000000000000
ONLINE_BACK
0.000000000000000 5324549.999999999068677 -5324550.000000000000000
ONLINE_BACK
0.000000000000000 7629549.999999999068677 -7629550.000000000000000
ONLINE_BACK
0.000000000000000 2328049.999999999534339 -2328050.000000000000000
ONLINE_BACK
0.000000000000000 4356450.000000000000000 -4356450.000000000000000
ONLINE_BACK
0.000000000000000 3780200.000000000000000 3780200.000000000000000
ONLINE_FRONT
0.000000000000000 6891950.000000000000000 6891950.000000000000000
ONLINE_FRONT
0.000000000000000 760649.999999999883585 760650.000000000000000
ONLINE_FRONT
0.000000000000000 11271449.999999998137355 11271450.000000000000000
ONLINE_FRONT
0.000000000000000 7514299.999999999068677 -7514300.000000000000000
ONLINE_BACK
0.000000000000000 1567399.999999999767169 1567400.000000000000000
ONLINE_FRONT
0.000000000000000 10833499.999999998137355 10833500.000000000000000
ONLINE_FRONT
0.000000000000000 5117099.999999999068677 -5117100.000000000000000
ONLINE_BACK
0.000000000000000 1452149.999999999767169 1452150.000000000000000
ONLINE_FRONT
0.000000000000000 1659600.000000000000000 1659600.000000000000000
ONLINE_FRONT
0.000000000000000 3687999.999999999534339 -3688000.000000000000000
ONLINE_BACK
0.000000000000000 10879599.999999998137355 -10879600.000000000000000
ONLINE_BACK
0.000000000000000 161349.999999999970896 -161350.000000000000000
ONLINE_BACK
0.000000000000000 7375999.999999999068677 7376000.000000000000000
ONLINE_FRONT
0.000000000000000 6638400.000000000000000 -6638400.000000000000000
ONLINE_BACK
0.000000000000000 4771349.999999999068677 -4771350.000000000000000
ONLINE_BACK
0.000000000000000 161349.999999999970896 -161350.000000000000000
ONLINE_BACK
0.000000000000000 1797899.999999999767169 -1797900.000000000000000
ONLINE_BACK
0.000000000000000 10395549.999999998137355 -10395550.000000000000000
ONLINE_BACK
0.000000000000000 10303349.999999998137355 10303350.000000000000000
ONLINE_FRONT
0.000000000000000 7352950.000000000000000 -7352950.000000000000000
ONLINE_BACK
0.000000000000000 1267750.000000000000000 1267750.000000000000000
ONLINE_FRONT
0.000000000000000 10072850.000000000000000 10072850.000000000000000
ONLINE_FRONT
0.000000000000000 714550.000000000000000 714550.000000000000000
ONLINE_FRONT
0.000000000000000 7537350.000000000000000 -7537350.000000000000000
ONLINE_BACK
0.000000000000000 4656099.999999999068677 4656100.000000000000000
ONLINE_FRONT
0.000000000000000 6246549.999999999068677 6246550.000000000000000
ONLINE_FRONT
0.000000000000000 46099.999999999992724 -46100.000000000000000
ONLINE_BACK
0.000000000000000 10672149.999999998137355 10672150.000000000000000
ONLINE_FRONT
0.000000000000000 4656099.999999999068677 4656100.000000000000000
ONLINE_FRONT
0.000000000000000 1290799.999999999767169 1290800.000000000000000
ONLINE_FRONT
0.000000000000000 8090549.999999999068677 -8090550.000000000000000
ONLINE_BACK
0.000000000000000 3526649.999999999534339 3526650.000000000000000
ONLINE_FRONT
0.000000000000000 8828149.999999998137355 -8828150.000000000000000
ONLINE_BACK
0.000000000000000 783699.999999999883585 -783700.000000000000000
ONLINE_BACK
0.000000000000000 276599.999999999941792 -276600.000000000000000
ONLINE_BACK
0.000000000000000 6776699.999999999068677 6776700.000000000000000
ONLINE_FRONT
0.000000000000000 3457499.999999999534339 -3457500.000000000000000
ONLINE_BACK
0.000000000000000 6407900.000000000000000 -6407900.000000000000000
ONLINE_BACK
0.000000000000000 0.000000000000000 0.000000000000000
ON_SEGMENT
0.000000000000000 7836999.999999999068677 -7837000.000000000000000
ONLINE_BACK
0.000000000000000 8989500.000000000000000 8989500.000000000000000
ONLINE_FRONT
0.000000000000000 3664950.000000000000000 3664950.000000000000000
ONLINE_FRONT
0.000000000000000 3687999.999999999534339 -3688000.000000000000000
ONLINE_BACK
0.000000000000000 8297999.999999999068677 -8298000.000000000000000
ONLINE_BACK
0.000000000000000 4955750.000000000000000 -4955750.000000000000000
ONLINE_BACK
0.000000000000000 484049.999999999941792 484050.000000000000000
ONLINE_FRONT
0.000000000000000 6546199.999999999068677 -6546200.000000000000000
ONLINE_BACK
0.000000000000000 9842350.000000000000000 9842350.000000000000000
ONLINE_FRONT
0.000000000000000 11017900.000000000000000 11017900.000000000000000
ONLINE_FRONT
0.000000000000000 668449.999999999883585 668450.000000000000000
ONLINE_FRONT
0.000000000000000 1383000.000000000000000 -1383000.000000000000000
ONLINE_BACK
0.000000000000000 5601149.999999999068677 -5601150.000000000000000
ONLINE_BACK
0.000000000000000 8597649.999999998137355 -8597650.000000000000000
ONLINE_BACK
0.000000000000000 9611850.000000000000000 -9611850.000000000000000
ONLINE_BACK
0.000000000000000 7422099.999999999068677 7422100.000000000000000
ONLINE_FRONT
0.000000000000000 8851199.999999998137355 8851200.000000000000000
ONLINE_FRONT
0.000000000000000 6246549.999999999068677 -6246550.000000000000000
ONLINE_BACK
0.000000000000000 2120600.000000000000000 -2120600.000000000000000
ONLINE_BACK
0.000000000000000 1843999.999999999767169 1844000.000000000000000
ONLINE_FRONT
0.000000000000000 3849349.999999999534339 3849350.000000000000000
ONLINE_FRONT
0.000000000000000 7767850.000000000000000 7767850.000000000000000
ONLINE_FRONT
0.000000000000000 6569249.999999999068677 -6569250.000000000000000
ONLINE_BACK
0.000000000000000 1429100.000000000000000 -1429100.000000000000000
ONLINE_BACK
0.000000000000000 6016049.999999999068677 6016050.000000000000000
ONLINE_FRONT
0.000000000000000 1244700.000000000000000 1244700.000000000000000
ONLINE_FRONT
0.000000000000000 3319200.000000000000000 3319200.000000000000000
ONLINE_FRONT
0.000000000000000 5324549.999999999068677 5324550.000000000000000
ONLINE_FRONT
0.000000000000000 6246549.999999999068677 6246550.000000000000000
ONLINE_FRONT
0.000000000000000 8482400.000000000000000 -8482400.000000000000000
ONLINE_BACK
0.000000000000000 668449.999999999883585 668450.000000000000000
ONLINE_FRONT
0.000000000000000 8782050.000000000000000 8782050.000000000000000
ONLINE_FRONT
0.000000000000000 6407900.000000000000000 -6407900.000000000000000
ONLINE_BACK
0.000000000000000 10142000.000000000000000 10142000.000000000000000
ONLINE_FRONT
0.000000000000000 4748300.000000000000000 4748300.000000000000000
ONLINE_FRONT
0.000000000000000 7975299.999999999068677 7975300.000000000000000
ONLINE_FRONT
0.000000000000000 9335249.999999998137355 -9335250.000000000000000
ONLINE_BACK
0.000000000000000 2005350.000000000000000 2005350.000000000000000
ONLINE_FRONT
0.000000000000000 4909649.999999999068677 4909650.000000000000000
ONLINE_FRONT
0.000000000000000 3687999.999999999534339 -3688000.000000000000000
ONLINE_BACK
0.000000000000000 9404400.000000000000000 9404400.000000000000000
ONLINE_FRONT
0.000000000000000 8021400.000000000000000 -8021400.000000000000000
ONLINE_BACK
0.000000000000000 7030249.999999999068677 7030250.000000000000000
ONLINE_FRONT
0.000000000000000 10833499.999999998137355 10833500.000000000000000
ONLINE_FRONT
0.000000000000000 2328049.999999999534339 -2328050.000000000000000
ONLINE_BACK
0.000000000000000 10372499.999999998137355 -10372500.000000000000000
ONLINE_BACK
0.000000000000000 5347599.999999999068677 -5347600.000000000000000
ONLINE_BACK
0.000000000000000 10464700.000000000000000 10464700.000000000000000
ONLINE_FRONT
0.000000000000000 5739450.000000000000000 -5739450.000000000000000
ONLINE_BACK
0.000000000000000 10626050.000000000000000 -10626050.000000000000000
ONLINE_BACK
0.000000000000000 6961099.999999999068677 6961100.000000000000000
ONLINE_FRONT
0.000000000000000 11317549.999999998137355 -11317550.000000000000000
ONLINE_BACK
0.000000000000000 1936199.999999999767169 1936200.000000000000000
ONLINE_FRONT
0.000000000000000 10856549.999999998137355 10856550.000000000000000
ONLINE_FRONT
0.000000000000000 10326399.999999998137355 -10326400.000000000000000
ONLINE_BACK
0.000000000000000 2604650.000000000000000 2604650.000000000000000
ONLINE_FRONT
0.000000000000000 6753649.999999999068677 6753650.000000000000000
ONLINE_FRONT
0.000000000000000 622350.000000000000000 -622350.000000000000000
ONLINE_BACK
0.000000000000000 11501950.000000000000000 11501950.000000000000000
ONLINE_FRONT
0.000000000000000 10280299.999999998137355 -10280300.000000000000000
ONLINE_BACK
0.000000000000000 7076350.000000000000000 -7076350.000000000000000
ONLINE_BACK
0.000000000000000 714550.000000000000000 -714550.000000000000000
ONLINE_BACK
0.000000000000000 5670299.999999999068677 -5670300.000000000000000
ONLINE_BACK
0.000000000000000 7375999.999999999068677 7376000.000000000000000
ONLINE_FRONT
0.000000000000000 2005350.000000000000000 -2005350.000000000000000
ONLINE_BACK
0.000000000000000 8321049.999999999068677 8321050.000000000000000
ONLINE_FRONT
0.000000000000000 3457499.999999999534339 -3457500.000000000000000
ONLINE_BACK
0.000000000000000 6730599.999999999068677 6730600.000000000000000
ONLINE_FRONT
0.000000000000000 7629549.999999999068677 7629550.000000000000000
ONLINE_FRONT
0.000000000000000 1636549.999999999767169 -1636550.000000000000000
ONLINE_BACK
0.000000000000000 6615350.000000000000000 -6615350.000000000000000
ONLINE_BACK
0.000000000000000 1982299.999999999767169 1982300.000000000000000
ONLINE_FRONT
0.000000000000000 4517800.000000000000000 -4517800.000000000000000
ONLINE_BACK
0.000000000000000 4102899.999999999534339 4102900.000000000000000
ONLINE_FRONT
0.000000000000000 2742950.000000000000000 2742950.000000000000000
ONLINE_FRONT
0.000000000000000 7491249.999999999068677 -7491250.000000000000000
ONLINE_BACK
0.000000000000000 9058649.999999998137355 -9058650.000000000000000
ONLINE_BACK
0.000000000000000 4172049.999999999534339 4172050.000000000000000
ONLINE_FRONT
0.000000000000000 2397199.999999999534339 -2397200.000000000000000
ONLINE_BACK
0.000000000000000 7352950.000000000000000 7352950.000000000000000
ONLINE_FRONT
0.000000000000000 9266100.000000000000000 -9266100.000000000000000
ONLINE_BACK
0.000000000000000 69149.999999999985448 69150.000000000000000
ONLINE_FRONT
0.000000000000000 8805100.000000000000000 -8805100.000000000000000
ONLINE_BACK
0.000000000000000 5578099.999999999068677 -5578100.000000000000000
ONLINE_BACK
0.000000000000000 345750.000000000000000 345750.000000000000000
ONLINE_FRONT
0.000000000000000 8897299.999999998137355 -8897300.000000000000000
ONLINE_BACK
0.000000000000000 7767850.000000000000000 -7767850.000000000000000
ONLINE_BACK
0.000000000000000 3941549.999999999534339 3941550.000000000000000
ONLINE_FRONT
0.000000000000000 6776699.999999999068677 6776700.000000000000000
ONLINE_FRONT
0.000000000000000 2858200.000000000000000 -2858200.000000000000000
ONLINE_BACK
0.000000000000000 3365299.999999999534339 -3365300.000000000000000
ONLINE_BACK
0.000000000000000 1475199.999999999767169 1475200.000000000000000
ONLINE_FRONT
0.000000000000000 3849349.999999999534339 3849350.000000000000000
ONLINE_FRONT
0.000000000000000 4287300.000000000000000 -4287300.000000000000000
ONLINE_BACK
0.000000000000000 4264250.000000000000000 4264250.000000000000000
ONLINE_FRONT
0.000000000000000 991149.999999999883585 -991150.000000000000000
ONLINE_BACK
0.000000000000000 161349.999999999970896 -161350.000000000000000
ONLINE_BACK
0.000000000000000 9750149.999999998137355 -9750150.000000000000000
ONLINE_BACK
0.000000000000000 1221649.999999999767169 -1221650.000000000000000
ONLINE_BACK
0.000000000000000 6914999.999999999068677 -6915000.000000000000000
ONLINE_BACK
0.000000000000000 6246549.999999999068677 6246550.000000000000000
ONLINE_FRONT
0.000000000000000 1820949.999999999767169 1820950.000000000000000
ONLINE_FRONT
0.000000000000000 10510800.000000000000000 10510800.000000000000000
ONLINE_FRONT
0.000000000000000 10464700.000000000000000 10464700.000000000000000
ONLINE_FRONT
0.000000000000000 1959249.999999999767169 1959250.000000000000000
ONLINE_FRONT
0.000000000000000 4771349.999999999068677 -4771350.000000000000000
ONLINE_BACK
0.000000000000000 10072850.000000000000000 10072850.000000000000000
ONLINE_FRONT
0.000000000000000 11386700.000000000000000 -11386700.000000000000000
ONLINE_BACK
0.000000000000000 46099.999999999992724 -46100.000000000000000
ONLINE_BACK
0.000000000000000 4287300.000000000000000 -4287300.000000000000000
ONLINE_BACK
0.000000000000000 10234199.999999998137355 10234200.000000000000000
ONLINE_FRONT
0.000000000000000 4125950.000000000000000 4125950.000000000000000
ONLINE_FRONT
0.000000000000000 7283799.999999999068677 7283800.000000000000000
ONLINE_FRONT
0.000000000000000 7053299.999999999068677 7053300.000000000000000
ONLINE_FRONT
0.000000000000000 4771349.999999999068677 4771350.000000000000000
ONLINE_FRONT
0.000000000000000 2673799.999999999534339 2673800.000000000000000
ONLINE_FRONT
0.000000000000000 4448649.999999999068677 4448650.000000000000000
ONLINE_FRONT
0.000000000000000 806750.000000000000000 -806750.000000000000000
ONLINE_BACK
0.000000000000000 4010700.000000000000000 -4010700.000000000000000
ONLINE_BACK
0.000000000000000 3480549.999999999534339 3480550.000000000000000
ONLINE_FRONT
0.000000000000000 553199.999999999883585 553200.000000000000000
ONLINE_FRONT
0.000000000000000 6246549.999999999068677 -6246550.000000000000000
ONLINE_BACK
0.000000000000000 4771349.999999999068677 4771350.000000000000000
ONLINE_FRONT
0.000000000000000 6753649.999999999068677 6753650.000000000000000
ONLINE_FRONT
0.000000000000000 11225349.999999998137355 -11225350.000000000000000
ONLINE_BACK
0.000000000000000 5854699.999999999068677 5854700.000000000000000
ONLINE_FRONT
0.000000000000000 1797899.999999999767169 -1797900.000000000000000
ONLINE_BACK
0.000000000000000 1406049.999999999767169 1406050.000000000000000
ONLINE_FRONT
0.000000000000000 7237699.999999999068677 7237700.000000000000000
ONLINE_FRONT
0.000000000000000 10533850.000000000000000 10533850.000000000000000
ONLINE_FRONT
0.000000000000000 5647249.999999999068677 5647250.000000000000000
ONLINE_FRONT
0.000000000000000 6523149.999999999068677 6523150.000000000000000
ONLINE_FRONT
0.000000000000000 8897299.999999998137355 8897300.000000000000000
ONLINE_FRONT
0.000000000000000 7721749.999999999068677 -7721750.000000000000000
ONLINE_BACK
0.000000000000000 9773199.999999998137355 -9773200.000000000000000
ONLINE_BACK
0.000000000000000 9773199.999999998137355 -9773200.000000000000000
ONLINE_BACK
0.000000000000000 3203950.000000000000000 -3203950.000000000000000
ONLINE_BACK
0.000000000000000 4148999.999999999534339 4149000.000000000000000
ONLINE_FRONT
0.000000000000000 2097549.999999999534339 -2097550.000000000000000
ONLINE_BACK
0.000000000000000 253549.999999999970896 253550.000000000000000
ONLINE_FRONT
0.000000000000000 714550.000000000000000 714550.000000000000000
ONLINE_FRONT
0.000000000000000 9220000.000000000000000 -9220000.000000000000000
ONLINE_BACK
0.000000000000000 9934550.000000000000000 -9934550.000000000000000
ONLINE_BACK
0.000000000000000 6246549.999999999068677 6246550.000000000000000
ONLINE_FRONT
0.000000000000000 4264250.000000000000000 -4264250.000000000000000
ONLINE_BACK
0.000000000000000 2904299.999999999534339 -2904300.000000000000000
ONLINE_BACK
0.000000000000000 2212799.999999999534339 -2212800.000000000000000
ONLINE_BACK
0.000000000000000 4725250.000000000000000 -4725250.000000000000000
ONLINE_BACK
0.000000000000000 3757149.999999999534339 3757150.000000000000000
ONLINE_FRONT
0.000000000000000 5186249.999999999068677 5186250.000000000000000
ONLINE_FRONT
0.000000000000000 8505450.000000000000000 -8505450.000000000000000
ONLINE_BACK
0.000000000000000 5071000.000000000000000 5071000.000000000000000
ONLINE_FRONT
0.000000000000000 11432800.000000000000000 11432800.000000000000000
ONLINE_FRONT
0.000000000000000 3273099.999999999534339 3273100.000000000000000
ONLINE_FRONT
0.000000000000000 6984149.999999999068677 -6984150.000000000000000
ONLINE_BACK
0.000000000000000 11455850.000000000000000 11455850.000000000000000
ONLINE_FRONT
0.000000000000000 4748300.000000000000000 4748300.000000000000000
ONLINE_FRONT
0.000000000000000 1244700.000000000000000 1244700.000000000000000
ONLINE_FRONT
0.000000000000000 10579950.000000000000000 -10579950.000000000000000
ONLINE_BACK
0.000000000000000 7306850.000000000000000 7306850.000000000000000
ONLINE_FRONT
0.000000000000000 3757149.999999999534339 3757150.000000000000000
ONLINE_FRONT
0.000000000000000 3042599.999999999534339 -3042600.000000000000000
ONLINE_BACK
0.000000000000000 6338749.999999999068677 -6338750.000000000000000
ONLINE_BACK
0.000000000000000 437949.999999999941792 437950.000000000000000
ONLINE_FRONT
0.000000000000000 8528500.000000000000000 8528500.000000000000000
ONLINE_FRONT
0.000000000000000 2904299.999999999534339 2904300.000000000000000
ONLINE_FRONT
0.000000000000000 69149.999999999985448 69150.000000000000000
ONLINE_FRONT
0.000000000000000 6845850.000000000000000 -6845850.000000000000000
ONLINE_BACK
0.000000000000000 1521299.999999999767169 -1521300.000000000000000
ONLINE_BACK
0.000000000000000 3042599.999999999534339 -3042600.000000000000000
ONLINE_BACK
0.000000000000000 2812099.999999999534339 2812100.000000000000000
ONLINE_FRONT
0.000000000000000 8228850.000000000000000 -8228850.000000000000000
ONLINE_BACK
0.000000000000000 11501950.000000000000000 11501950.000000000000000
ONLINE_FRONT
0.000000000000000 9634900.000000000000000 -9634900.000000000000000
ONLINE_BACK
0.000000000000000 8205799.999999999068677 8205800.000000000000000
ONLINE_FRONT
0.000000000000000 2281949.999999999534339 2281950.000000000000000
ONLINE_FRONT
0.000000000000000 1267750.000000000000000 -1267750.000000000000000
ONLINE_BACK
0.000000000000000 5278450.000000000000000 -5278450.000000000000000
ONLINE_BACK
0.000000000000000 3319200.000000000000000 -3319200.000000000000000
ONLINE_BACK
0.000000000000000 5301500.000000000000000 5301500.000000000000000
ONLINE_FRONT
0.000000000000000 8505450.000000000000000 -8505450.000000000000000
ONLINE_BACK
0.000000000000000 7468199.999999999068677 -7468200.000000000000000
ONLINE_BACK
0.000000000000000 10741299.999999998137355 -10741300.000000000000000
ONLINE_BACK
0.000000000000000 10833499.999999998137355 10833500.000000000000000
ONLINE_FRONT
0.000000000000000 1590449.999999999767169 -1590450.000000000000000
ONLINE_BACK
0.000000000000000 8205799.999999999068677 -8205800.000000000000000
ONLINE_BACK
0.000000000000000 7352950.000000000000000 7352950.000000000000000
ONLINE_FRONT
0.000000000000000 11386700.000000000000000 -11386700.000000000000000
ONLINE_BACK
0.000000000000000 10418600.000000000000000 -10418600.000000000000000
ONLINE_BACK
0.000000000000000 3687999.999999999534339 3688000.000000000000000
ONLINE_FRONT
0.000000000000000 10372499.999999998137355 10372500.000000000000000
ONLINE_FRONT
0.000000000000000 2581599.999999999534339 -2581600.000000000000000
ONLINE_BACK
0.000000000000000 6039099.999999999068677 6039100.000000000000000
ONLINE_FRONT
0.000000000000000 484049.999999999941792 -484050.000000000000000
ONLINE_BACK
0.000000000000000 2535500.000000000000000 2535500.000000000000000
ONLINE_FRONT
0.000000000000000 10003700.000000000000000 -10003700.000000000000000
ONLINE_BACK
0.000000000000000 2766000.000000000000000 2766000.000000000000000
ONLINE_FRONT
0.000000000000000 4540849.999999999068677 -4540850.000000000000000
ONLINE_BACK
0.000000000000000 945050.000000000000000 -945050.000000000000000
ONLINE_BACK
0.000000000000000 1290799.999999999767169 1290800.000000000000000
ONLINE_FRONT
0.000000000000000 6615350.000000000000000 -6615350.000000000000000
ONLINE_BACK
0.000000000000000 4425599.999999999068677 -4425600.000000000000000
ONLINE_BACK
0.000000000000000 6546199.999999999068677 6546200.000000000000000
ONLINE_FRONT
0.000000000000000 5416749.999999999068677 5416750.000000000000000
ONLINE_FRONT
0.000000000000000 2789049.999999999534339 2789050.000000000000000
ONLINE_FRONT
0.000000000000000 7122450.000000000000000 -7122450.000000000000000
ONLINE_BACK
0.000000000000000 10326399.999999998137355 -10326400.000000000000000
ONLINE_BACK
0.000000000000000 1152500.000000000000000 -1152500.000000000000000
ONLINE_BACK
0.000000000000000 507099.999999999941792 -507100.000000000000000
ONLINE_BACK
0.000000000000000 1406049.999999999767169 1406050.000000000000000
ONLINE_FRONT
0.000000000000000 276599.999999999941792 -276600.000000000000000
ONLINE_BACK
0.000000000000000 9220000.000000000000000 -9220000.000000000000000
ONLINE_BACK
0.000000000000000 7952249.999999999068677 -7952250.000000000000000
ONLINE_BACK
0.000000000000000 345750.000000000000000 345750.000000000000000
ONLINE_FRONT
0.000000000000000 2558549.999999999534339 2558550.000000000000000
ONLINE_FRONT
0.000000000000000 184399.999999999970896 -184400.000000000000000
ONLINE_BACK
0.000000000000000 4817450.000000000000000 -4817450.000000000000000
ONLINE_BACK
0.000000000000000 5094049.999999999068677 5094050.000000000000000
ONLINE_FRONT
0.000000000000000 1498250.000000000000000 -1498250.000000000000000
ONLINE_BACK
0.000000000000000 9196950.000000000000000 -9196950.000000000000000
ONLINE_BACK
0.000000000000000 2166699.999999999534339 2166700.000000000000000
ONLINE_FRONT
0.000000000000000 4771349.999999999068677 4771350.000000000000000
ONLINE_FRONT
0.000000000000000 2719899.999999999534339 -2719900.000000000000000
ONLINE_BACK
0.000000000000000 4840500.000000000000000 -4840500.000000000000000
ONLINE_BACK
0.000000000000000 92199.999999999985448 92200.000000000000000
ONLINE_FRONT
0.000000000000000 668449.999999999883585 668450.000000000000000
ONLINE_FRONT
0.000000000000000 829800.000000000000000 -829800.000000000000000
ONLINE_BACK
0.000000000000000 345750.000000000000000 345750.000000000000000
ONLINE_FRONT
0.000000000000000 11294499.999999998137355 11294500.000000000000000
ONLINE_FRONT
0.000000000000000 553199.999999999883585 -553200.000000000000000
ONLINE_BACK
0.000000000000000 1359949.999999999767169 1359950.000000000000000
ONLINE_FRONT
0.000000000000000 2028399.999999999767169 -2028400.000000000000000
ONLINE_BACK
0.000000000000000 4333399.999999999068677 4333400.000000000000000
ONLINE_FRONT
0.000000000000000 4079849.999999999534339 -4079850.000000000000000
ONLINE_BACK
0.000000000000000 2166699.999999999534339 2166700.000000000000000
ONLINE_FRONT
0.000000000000000 3826299.999999999534339 -3826300.000000000000000
ONLINE_BACK
0.000000000000000 737599.999999999883585 -737600.000000000000000
ONLINE_BACK
0.000000000000000 5739450.000000000000000 5739450.000000000000000
ONLINE_FRONT
0.000000000000000 276599.999999999941792 -276600.000000000000000
ONLINE_BACK
0.000000000000000 8897299.999999998137355 -8897300.000000000000000
ONLINE_BACK
0.000000000000000 2996500.000000000000000 2996500.000000000000000
ONLINE_FRONT
0.000000000000000 3918499.999999999534339 3918500.000000000000000
ONLINE_FRONT
0.000000000000000 6961099.999999999068677 6961100.000000000000000
ONLINE_FRONT
0.000000000000000 4494750.000000000000000 4494750.000000000000000
ONLINE_FRONT
0.000000000000000 1867049.999999999767169 1867050.000000000000000
ONLINE_FRONT
0.000000000000000 10810449.999999998137355 10810450.000000000000000
ONLINE_FRONT
0.000000000000000 6016049.999999999068677 -6016050.000000000000000
ONLINE_BACK
0.000000000000000 1982299.999999999767169 -1982300.000000000000000
ONLINE_BACK
0.000000000000000 8966450.000000000000000 -8966450.000000000000000
ONLINE_BACK
0.000000000000000 9081699.999999998137355 9081700.000000000000000
ONLINE_FRONT
0.000000000000000 2835149.999999999534339 -2835150.000000000000000
ONLINE_BACK
0.000000000000000 1636549.999999999767169 1636550.000000000000000
ONLINE_FRONT
0.000000000000000 2166699.999999999534339 -2166700.000000000000000
ONLINE_BACK
0.000000000000000 7836999.999999999068677 -7837000.000000000000000
ONLINE_BACK
0.000000000000000 10764349.999999998137355 -10764350.000000000000000
ONLINE_BACK
0.000000000000000 11040950.000000000000000 -11040950.000000000000000
ONLINE_BACK
0.000000000000000 5532000.000000000000000 5532000.000000000000000
ONLINE_FRONT
0.000000000000000 9657950.000000000000000 9657950.000000000000000
ONLINE_FRONT
0.000000000000000 8759000.000000000000000 8759000.000000000000000
ONLINE_FRONT
0.000000000000000 9796249.999999998137355 9796250.000000000000000
ONLINE_FRONT
0.000000000000000 9865400.000000000000000 9865400.000000000000000
ONLINE_FRONT
0.000000000000000 10994850.000000000000000 -10994850.000000000000000
ONLINE_BACK
0.000000000000000 7675649.999999999068677 7675650.000000000000000
ONLINE_FRONT
0.000000000000000 9404400.000000000000000 -9404400.000000000000000
ONLINE_BACK
0.000000000000000 5047950.000000000000000 -5047950.000000000000000
ONLINE_BACK
